<?xml version="1.0" encoding="UTF-8"?>
<testsuite xmlns:xsi="http://www.w3.org/2001/XMLSchema-instance" xsi:noNamespaceSchemaLocation="https://maven.apache.org/surefire/maven-surefire-plugin/xsd/surefire-test-report-3.0.xsd" version="3.0" name="com.biblioteca.GestionUsuariosTest" time="0.636" tests="3" errors="0" skipped="0" failures="0">
  <properties>
[...]
</properties>
  <testcase name="testRegistrarPrestamoUsuarioInexistente" classname="com.biblioteca.GestionUsuariosTest" time="0.576"/>
  <testcase name="testRegistrarUsuarioYaExistente" classname="com.biblioteca.GestionUsuariosTest" time="0.005"/>
  <testcase name="testRegistrarPrestamo" classname="com.biblioteca.GestionUsuariosTest" time="0.036"/>
</testsuite>